<?xml version="1.0" encoding="UTF-8"?>
<!-- Generated by org.testng.reporters.JUnitReportReporter -->
<testsuite skipped="0" hostname="LAPTOP-7ARM5SF0" name="com.atipune.pomdemo.tests.HomePageTests" tests="4" failures="0" timestamp="2021-12-23T11:39:37 IST" time="0.500" errors="0">
  <testcase name="verifyNewArrivalsDisplayed" time="0.422" classname="com.atipune.pomdemo.tests.HomePageTests"/>
  <system-out/>
  <testcase name="verifyNewArrivalsEnabled" time="0.023" classname="com.atipune.pomdemo.tests.HomePageTests"/>
  <system-out/>
  <testcase name="verifyFirstBookTitle" time="0.048" classname="com.atipune.pomdemo.tests.HomePageTests"/>
  <system-out/>
  <testcase name="verifyHomePageTitle" time="0.007" classname="com.atipune.pomdemo.tests.HomePageTests"/>
  <system-out/>
</testsuite> <!-- com.atipune.pomdemo.tests.HomePageTests -->
